<?xml version="1.0" encoding="UTF-8"?>
<testng-results ignored="0" total="1" passed="1" failed="0" skipped="0">
  <reporter-output>
    <line>
      <![CDATA[Database Connected]]>
    </line>
    <line>
      <![CDATA[Browser Launched]]>
    </line>
    <line>
      <![CDATA[Logged in Successfully]]>
    </line>
    <line>
      <![CDATA[Logout successfully]]>
    </line>
    <line>
      <![CDATA[Browser Closed]]>
    </line>
    <line>
      <![CDATA[Database Disconnected]]>
    </line>
  </reporter-output>
  <suite started-at="2023-10-08T11:20:40 IST" name="Default suite" finished-at="2023-10-08T11:21:05 IST" duration-ms="25007">
    <groups>
    </groups>
    <test started-at="2023-10-08T11:20:40 IST" name="Default test" finished-at="2023-10-08T11:21:05 IST" duration-ms="25007">
      <class name="com.Actitime.TestScripts.CreateCustomer">
        <test-method is-config="true" signature="DatabaseConnection()[pri:0, instance:com.Actitime.TestScripts.CreateCustomer@514646ef]" started-at="2023-10-08T11:20:40 IST" name="DatabaseConnection" finished-at="2023-10-08T11:20:40 IST" duration-ms="18" status="PASS">
          <reporter-output>
            <line>
              <![CDATA[Database Connected]]>
            </line>
          </reporter-output>
        </test-method> <!-- DatabaseConnection -->
        <test-method is-config="true" signature="launchBrowser()[pri:0, instance:com.Actitime.TestScripts.CreateCustomer@514646ef]" started-at="2023-10-08T11:20:40 IST" name="launchBrowser" finished-at="2023-10-08T11:20:53 IST" duration-ms="12510" status="PASS">
          <reporter-output>
            <line>
              <![CDATA[Browser Launched]]>
            </line>
          </reporter-output>
        </test-method> <!-- launchBrowser -->
        <test-method is-config="true" signature="Login()[pri:0, instance:com.Actitime.TestScripts.CreateCustomer@514646ef]" started-at="2023-10-08T11:20:53 IST" name="Login" finished-at="2023-10-08T11:20:53 IST" duration-ms="410" status="PASS">
          <reporter-output>
            <line>
              <![CDATA[Logged in Successfully]]>
            </line>
          </reporter-output>
        </test-method> <!-- Login -->
        <test-method signature="create()[pri:0, instance:com.Actitime.TestScripts.CreateCustomer@514646ef]" started-at="2023-10-08T11:20:53 IST" name="create" finished-at="2023-10-08T11:21:02 IST" duration-ms="9121" status="PASS">
          <reporter-output>
          </reporter-output>
        </test-method> <!-- create -->
        <test-method is-config="true" signature="Logout()[pri:0, instance:com.Actitime.TestScripts.CreateCustomer@514646ef]" started-at="2023-10-08T11:21:02 IST" name="Logout" finished-at="2023-10-08T11:21:05 IST" duration-ms="2420" status="PASS">
          <reporter-output>
            <line>
              <![CDATA[Logout successfully]]>
            </line>
          </reporter-output>
        </test-method> <!-- Logout -->
        <test-method is-config="true" signature="closeBrowser()[pri:0, instance:com.Actitime.TestScripts.CreateCustomer@514646ef]" started-at="2023-10-08T11:21:05 IST" name="closeBrowser" finished-at="2023-10-08T11:21:05 IST" duration-ms="478" status="PASS">
          <reporter-output>
            <line>
              <![CDATA[Browser Closed]]>
            </line>
          </reporter-output>
        </test-method> <!-- closeBrowser -->
        <test-method is-config="true" signature="Databasedisconnection()[pri:0, instance:com.Actitime.TestScripts.CreateCustomer@514646ef]" started-at="2023-10-08T11:21:05 IST" name="Databasedisconnection" finished-at="2023-10-08T11:21:05 IST" duration-ms="1" status="PASS">
          <reporter-output>
            <line>
              <![CDATA[Database Disconnected]]>
            </line>
          </reporter-output>
        </test-method> <!-- Databasedisconnection -->
      </class> <!-- com.Actitime.TestScripts.CreateCustomer -->
    </test> <!-- Default test -->
  </suite> <!-- Default suite -->
</testng-results>
